<?xml version="1.0" encoding="UTF-8"?>
<!-- Generated by org.testng.reporters.JUnitReportReporter -->
<testsuite hostname="DESKTOP-OC9FV8M" failures="0" tests="3" name="test.LoginPageTest" time="22.703" errors="0" timestamp="2022-06-16T19:02:27 IST" skipped="1">
  <testcase classname="test.LoginPageTest" name="loginWithCredentialsTest" time="11.921"/>
  <system-out/>
  <testcase classname="test.LoginPageTest" name="signuplink" time="10.782"/>
  <system-out/>
  <testcase classname="test.LoginPageTest" name="forgetpasswordlink">
    <skipped/>
  </testcase> <!-- forgetpasswordlink -->
  <system-out/>
</testsuite> <!-- test.LoginPageTest -->
