<?xml version="1.0" encoding="UTF-8"?>
<!-- Generated by org.testng.reporters.JUnitReportReporter -->
<testsuite hostname="DESKTOP-OC9FV8M" failures="0" tests="1" name="test.Pinpom" time="24.501" errors="0" timestamp="2022-06-16T23:31:32 IST" skipped="0">
  <testcase classname="test.Pinpom" name="loginWithCredentialTest" time="24.501"/>
  <system-out/>
</testsuite> <!-- test.Pinpom -->
